Flutter crash report.
Please report a bug at https://github.com/flutter/flutter/issues.

## command

flutter --no-color attach --machine --device-id=9T19545LA11A2100922 lib\main.dart

## exception

StateError: Bad state: No element

```
#0      ListMixin.firstWhere (dart:collection/list.dart:167:5)
#1      DartDevelopmentService.startDartDevelopmentService (package:flutter_tools/src/base/dds.dart:63:32)
<asynchronous suspension>
#2      FlutterDevice.connect.<anonymous closure> (package:flutter_tools/src/resident_runner.dart:249:11)
<asynchronous suspension>
```

## flutter doctor

```
[✓] Flutter (Channel beta, 1.25.0-8.2.pre, on Microsoft Windows [Version 10.0.19042.1415], locale en-US)
    • Flutter version 1.25.0-8.2.pre at C:\flutter
    • Framework revision b0a2299859 (1 year, 1 month ago), 2021-01-05 12:34:13 -0800
    • Engine revision 92ae191c17
    • Dart version 2.12.0 (build 2.12.0-133.2.beta)

[!] Android toolchain - develop for Android devices (Android SDK version 30.0.1)
    • Android SDK at C:\Users\Intersoft\AppData\Local\Android\sdk
    • Platform android-30, build-tools 30.0.1
    • Java binary at: C:\Program Files\Android\Android Studio\jre\bin\java
    • Java version OpenJDK Runtime Environment (build 1.8.0_242-release-1644-b01)
    ! Some Android licenses not accepted.  To resolve this, run: flutter doctor --android-licenses

[✓] Android Studio (version 4.1.0)
    • Android Studio at C:\Program Files\Android\Android Studio
    • Flutter plugin can be installed from:
      🔨 https://plugins.jetbrains.com/plugin/9212-flutter
    • Dart plugin can be installed from:
      🔨 https://plugins.jetbrains.com/plugin/6351-dart
    • Java version OpenJDK Runtime Environment (build 1.8.0_242-release-1644-b01)

[✓] Connected device (1 available)
    • Nokia C01 Plus (mobile) • 9T19545LA11A2100922 • android-arm • Android 11 (API 30)

! Doctor found issues in 1 category.
```
